[I 2025-03-17 11:27:24.376 ServerApp] jupyter_lsp | extension was successfully linked.
[I 2025-03-17 11:27:24.377 ServerApp] jupyter_server_terminals | extension was successfully linked.
[I 2025-03-17 11:27:24.379 ServerApp] jupyterlab | extension was successfully linked.
[I 2025-03-17 11:27:24.380 ServerApp] notebook | extension was successfully linked.
[I 2025-03-17 11:27:24.453 ServerApp] notebook_shim | extension was successfully linked.
[I 2025-03-17 11:27:24.478 ServerApp] notebook_shim | extension was successfully loaded.
[I 2025-03-17 11:27:24.478 ServerApp] jupyter_lsp | extension was successfully loaded.
[I 2025-03-17 11:27:24.479 ServerApp] jupyter_server_terminals | extension was successfully loaded.
[I 2025-03-17 11:27:24.479 LabApp] JupyterLab extension loaded from /Users/pheusser/miniconda3/lib/python3.11/site-packages/jupyterlab
[I 2025-03-17 11:27:24.479 LabApp] JupyterLab application directory is /Users/pheusser/miniconda3/share/jupyter/lab
[I 2025-03-17 11:27:24.479 LabApp] Extension Manager is 'pypi'.
[I 2025-03-17 11:27:24.503 ServerApp] jupyterlab | extension was successfully loaded.
[I 2025-03-17 11:27:24.504 ServerApp] notebook | extension was successfully loaded.
[I 2025-03-17 11:27:24.504 ServerApp] Serving notebooks from local directory: /Users/pheusser/IdeaProjects/FineTuningTrial
[I 2025-03-17 11:27:24.504 ServerApp] Jupyter Server 2.15.0 is running at:
[I 2025-03-17 11:27:24.504 ServerApp] http://localhost:8888/tree?token=1d1985c68431f95d1641e015a5554540ad7181b784ef35da
[I 2025-03-17 11:27:24.504 ServerApp]     http://127.0.0.1:8888/tree?token=1d1985c68431f95d1641e015a5554540ad7181b784ef35da
[I 2025-03-17 11:27:24.504 ServerApp] Use Control-C to stop this server and shut down all kernels (twice to skip confirmation).
[C 2025-03-17 11:27:24.506 ServerApp] 
    
    To access the server, open this file in a browser:
        file:///Users/pheusser/Library/Jupyter/runtime/jpserver-4803-open.html
    Or copy and paste one of these URLs:
        http://localhost:8888/tree?token=1d1985c68431f95d1641e015a5554540ad7181b784ef35da
        http://127.0.0.1:8888/tree?token=1d1985c68431f95d1641e015a5554540ad7181b784ef35da
[I 2025-03-17 11:27:24.595 ServerApp] Skipped non-installed server(s): bash-language-server, dockerfile-language-server-nodejs, javascript-typescript-langserver, jedi-language-server, julia-language-server, pyright, python-language-server, python-lsp-server, r-languageserver, sql-language-server, texlab, typescript-language-server, unified-language-server, vscode-css-languageserver-bin, vscode-html-languageserver-bin, vscode-json-languageserver-bin, yaml-language-server
